<?xml version="1.0" encoding="UTF-8"?>
<!-- Generated by org.testng.reporters.JUnitReportReporter -->
<testsuite hostname="DESKTOP-V5AQLFJ" failures="0" tests="4" name="com.testcases.LoginTest" time="45.118" errors="0" timestamp="2023-11-20T17:33:12 IST" skipped="0">
  <testcase classname="com.testcases.LoginTest" name="VerfiyInvalidData" time="12.592"/>
  <testcase classname="com.testcases.LoginTest" name="VerfiyInvalidData" time="11.901"/>
  <testcase classname="com.testcases.LoginTest" name="VerfiyInvalidData" time="10.559"/>
  <testcase classname="com.testcases.LoginTest" name="VerfiyInvalidData" time="10.066"/>
</testsuite> <!-- com.testcases.LoginTest -->
